-------------------------------------------------------------------------------
Test set: com.financial.api.FinancialApiApplicationTests
-------------------------------------------------------------------------------
Tests run: 1, Failures: 0, Errors: 1, Skipped: 0, Time elapsed: 17.088 s <<< FAILURE! - in com.financial.api.FinancialApiApplicationTests
contextLoads(com.financial.api.FinancialApiApplicationTests)  Time elapsed: 0 s  <<< ERROR!
java.lang.IllegalStateException: Failed to load ApplicationContext
Caused by: org.springframework.beans.factory.UnsatisfiedDependencyException: Error creating bean with name 'lancamentoResource': Unsatisfied dependency expressed through field 'lancamentoService'; nested exception is org.springframework.beans.factory.UnsatisfiedDependencyException: Error creating bean with name 'lancamentoService': Unsatisfied dependency expressed through field 's3'; nested exception is org.springframework.beans.factory.UnsatisfiedDependencyException: Error creating bean with name 's3': Unsatisfied dependency expressed through field 'amazonS3'; nested exception is org.springframework.beans.factory.BeanCreationException: Error creating bean with name 'amazonS3' defined in class path resource [com/financial/api/config/S3Config.class]: Bean instantiation via factory method failed; nested exception is org.springframework.beans.BeanInstantiationException: Failed to instantiate [com.amazonaws.services.s3.AmazonS3]: Factory method 'amazonS3' threw exception; nested exception is com.amazonaws.services.s3.model.AmazonS3Exception: The AWS Access Key Id you provided does not exist in our records. (Service: Amazon S3; Status Code: 403; Error Code: InvalidAccessKeyId; Request ID: 53587B2A59535328; S3 Extended Request ID: nchlDyWfzhwYByuOOvdZ71ffAA7RP4bPIwYdIh5lnBNPjw6t+FjEuxD6nPvtqATND/mLf2n72cI=), S3 Extended Request ID: nchlDyWfzhwYByuOOvdZ71ffAA7RP4bPIwYdIh5lnBNPjw6t+FjEuxD6nPvtqATND/mLf2n72cI=
Caused by: org.springframework.beans.factory.UnsatisfiedDependencyException: Error creating bean with name 'lancamentoService': Unsatisfied dependency expressed through field 's3'; nested exception is org.springframework.beans.factory.UnsatisfiedDependencyException: Error creating bean with name 's3': Unsatisfied dependency expressed through field 'amazonS3'; nested exception is org.springframework.beans.factory.BeanCreationException: Error creating bean with name 'amazonS3' defined in class path resource [com/financial/api/config/S3Config.class]: Bean instantiation via factory method failed; nested exception is org.springframework.beans.BeanInstantiationException: Failed to instantiate [com.amazonaws.services.s3.AmazonS3]: Factory method 'amazonS3' threw exception; nested exception is com.amazonaws.services.s3.model.AmazonS3Exception: The AWS Access Key Id you provided does not exist in our records. (Service: Amazon S3; Status Code: 403; Error Code: InvalidAccessKeyId; Request ID: 53587B2A59535328; S3 Extended Request ID: nchlDyWfzhwYByuOOvdZ71ffAA7RP4bPIwYdIh5lnBNPjw6t+FjEuxD6nPvtqATND/mLf2n72cI=), S3 Extended Request ID: nchlDyWfzhwYByuOOvdZ71ffAA7RP4bPIwYdIh5lnBNPjw6t+FjEuxD6nPvtqATND/mLf2n72cI=
Caused by: org.springframework.beans.factory.UnsatisfiedDependencyException: Error creating bean with name 's3': Unsatisfied dependency expressed through field 'amazonS3'; nested exception is org.springframework.beans.factory.BeanCreationException: Error creating bean with name 'amazonS3' defined in class path resource [com/financial/api/config/S3Config.class]: Bean instantiation via factory method failed; nested exception is org.springframework.beans.BeanInstantiationException: Failed to instantiate [com.amazonaws.services.s3.AmazonS3]: Factory method 'amazonS3' threw exception; nested exception is com.amazonaws.services.s3.model.AmazonS3Exception: The AWS Access Key Id you provided does not exist in our records. (Service: Amazon S3; Status Code: 403; Error Code: InvalidAccessKeyId; Request ID: 53587B2A59535328; S3 Extended Request ID: nchlDyWfzhwYByuOOvdZ71ffAA7RP4bPIwYdIh5lnBNPjw6t+FjEuxD6nPvtqATND/mLf2n72cI=), S3 Extended Request ID: nchlDyWfzhwYByuOOvdZ71ffAA7RP4bPIwYdIh5lnBNPjw6t+FjEuxD6nPvtqATND/mLf2n72cI=
Caused by: org.springframework.beans.factory.BeanCreationException: Error creating bean with name 'amazonS3' defined in class path resource [com/financial/api/config/S3Config.class]: Bean instantiation via factory method failed; nested exception is org.springframework.beans.BeanInstantiationException: Failed to instantiate [com.amazonaws.services.s3.AmazonS3]: Factory method 'amazonS3' threw exception; nested exception is com.amazonaws.services.s3.model.AmazonS3Exception: The AWS Access Key Id you provided does not exist in our records. (Service: Amazon S3; Status Code: 403; Error Code: InvalidAccessKeyId; Request ID: 53587B2A59535328; S3 Extended Request ID: nchlDyWfzhwYByuOOvdZ71ffAA7RP4bPIwYdIh5lnBNPjw6t+FjEuxD6nPvtqATND/mLf2n72cI=), S3 Extended Request ID: nchlDyWfzhwYByuOOvdZ71ffAA7RP4bPIwYdIh5lnBNPjw6t+FjEuxD6nPvtqATND/mLf2n72cI=
Caused by: org.springframework.beans.BeanInstantiationException: Failed to instantiate [com.amazonaws.services.s3.AmazonS3]: Factory method 'amazonS3' threw exception; nested exception is com.amazonaws.services.s3.model.AmazonS3Exception: The AWS Access Key Id you provided does not exist in our records. (Service: Amazon S3; Status Code: 403; Error Code: InvalidAccessKeyId; Request ID: 53587B2A59535328; S3 Extended Request ID: nchlDyWfzhwYByuOOvdZ71ffAA7RP4bPIwYdIh5lnBNPjw6t+FjEuxD6nPvtqATND/mLf2n72cI=), S3 Extended Request ID: nchlDyWfzhwYByuOOvdZ71ffAA7RP4bPIwYdIh5lnBNPjw6t+FjEuxD6nPvtqATND/mLf2n72cI=
Caused by: com.amazonaws.services.s3.model.AmazonS3Exception: The AWS Access Key Id you provided does not exist in our records. (Service: Amazon S3; Status Code: 403; Error Code: InvalidAccessKeyId; Request ID: 53587B2A59535328; S3 Extended Request ID: nchlDyWfzhwYByuOOvdZ71ffAA7RP4bPIwYdIh5lnBNPjw6t+FjEuxD6nPvtqATND/mLf2n72cI=)

